<?xml version="1.0" encoding="UTF-8"?>
<testsuite name="com.example.Bridgeproject.controller.BridgeCtrlTest" tests="1" skipped="0" failures="0" errors="0" timestamp="2023-01-30T12:28:30" hostname="DESKTOP-REF5VFB" time="0.897">
  <properties/>
  <testcase name="updateBridge()" classname="com.example.Bridgeproject.controller.BridgeCtrlTest" time="0.897"/>
  <system-out><![CDATA[]]></system-out>
  <system-err><![CDATA[]]></system-err>
</testsuite>
